<?xml version="1.0" encoding="UTF-8"?>
<!-- Generated by org.testng.reporters.JUnitXMLReporter -->
<testsuite ignored="0" hostname="RANJITH" failures="0" tests="13" name="Test" time="74.001" errors="0" timestamp="2025-06-26T22:53:35 IST">
  <testcase classname="testscript.LoginTest" name="verifyTheUserIsAbleToLoginUsingInalidUsername_validPassword" time="1.786"/>
  <testcase classname="testscript.LoginTest" name="verifyTheUserIsAbleToLoginUsingInvalidUsername_InvalidPassword" time="0.532"/>
  <testcase classname="testscript.LoginTest" name="verifyTheUserIsAbleToLoginUsingValidCredentials" time="0.815"/>
  <testcase classname="testscript.LoginTest" name="verifyTheUserIsAbleToLoginUsingValidUsername_InvalidPassword" time="0.595"/>
  <testcase classname="testscript.AdminUsersTest" name="verifyTheUserIsAbleToCreateTheAdminUsers" time="1.994"/>
  <testcase classname="testscript.AdminUsersTest" name="verifyTheUserIsAbleToUpdateTheAdminUsers" time="1.848"/>
  <testcase classname="testscript.ManageContactTest" name="verifyTheUserIsAbleToDisplayContactUsInformations" time="2.762"/>
  <testcase classname="testscript.ManageContactTest" name="verifyTheUserIsAbleToUpdateContactUsInformations" time="2.012"/>
  <testcase classname="testscript.ManageNewsTest" name="verifyTheUserIsAbleToEnterTheNews" time="1.762"/>
  <testcase classname="testscript.ManageNewsTest" name="verifyTheUserIsAbleToUpdateTheNews" time="1.35"/>
  <testcase classname="testscript.ManageFooterTest" name="verifyTheUserIsAbleToUpdateManageFooterTextInformation" time="2.09"/>
  <testcase classname="testscript.ManageCategoryTest" name="verifyTheUserIsAbleToAddCategoryInformations" time="3.312"/>
  <testcase classname="testscript.LogoutTest" name="isUserIsAbleToLogOut" time="1.49"/>
</testsuite> <!-- Test -->
