<?xml version="1.0" encoding="UTF-8"?>
<!-- Generated by org.testng.reporters.JUnitXMLReporter -->
<testsuite ignored="3" hostname="RANJITH" failures="0" tests="2" name="Default test" time="9.54" errors="0" timestamp="2025-06-25T00:21:57 IST">
  <testcase classname="testscript.AdminUsersTest" name="verifyTheUserIsAbleToCreateTheAdminUsers" time="2.498">
    <skipped/>
  </testcase> <!-- verifyTheUserIsAbleToCreateTheAdminUsers -->
  <testcase classname="testscript.AdminUsersTest" name="verifyTheUserIsAbleToCreateTheAdminUsers" time="1.761"/>
  <testcase classname="testscript.Base" name="browserInitialisation" time="0.0">
    <ignored/>
  </testcase> <!-- browserInitialisation -->
  <testcase classname="testscript.Base" name="driverQuit" time="0.0">
    <ignored/>
  </testcase> <!-- driverQuit -->
  <testcase classname="testscript.AdminUsersTest" name="verifyTheUserIsAbleToUpdateTheAdminUsers" time="0.0">
    <ignored/>
  </testcase> <!-- verifyTheUserIsAbleToUpdateTheAdminUsers -->
</testsuite> <!-- Default test -->
