<?xml version="1.0" encoding="UTF-8"?>
<testng-results ignored="0" total="13" passed="13" failed="0" skipped="0">
  <reporter-output>
  </reporter-output>
  <suite started-at="2025-06-26T21:42:33 IST" name="TestNG" finished-at="2025-06-26T21:43:13 IST" duration-ms="39871">
    <groups>
      <group name="Regression">
        <method signature="LoginTest.verifyTheUserIsAbleToLoginUsingValidCredentials()[pri:0, instance:testscript.LoginTest@34a3d150]" name="verifyTheUserIsAbleToLoginUsingValidCredentials" class="testscript.LoginTest"/>
      </group> <!-- Regression -->
    </groups>
    <test started-at="2025-06-26T21:42:33 IST" name="Test" finished-at="2025-06-26T21:43:13 IST" duration-ms="39871">
      <class name="testscript.ManageNewsTest">
        <test-method is-config="true" signature="browserInitialisation(java.lang.String)[pri:0, instance:testscript.ManageNewsTest@5e0e82ae]" started-at="2025-06-26T21:42:58 IST" name="browserInitialisation" finished-at="2025-06-26T21:42:59 IST" duration-ms="1559" status="PASS">
          <params>
            <param index="0">
              <value>
                <![CDATA[chrome]]>
              </value>
            </param>
          </params>
          <reporter-output>
          </reporter-output>
        </test-method> <!-- browserInitialisation -->
        <test-method signature="verifyTheUserIsAbleToEnterTheNews()[pri:0, instance:testscript.ManageNewsTest@5e0e82ae]" started-at="2025-06-26T21:42:59 IST" name="verifyTheUserIsAbleToEnterTheNews" finished-at="2025-06-26T21:43:00 IST" duration-ms="1174" status="PASS">
          <reporter-output>
          </reporter-output>
        </test-method> <!-- verifyTheUserIsAbleToEnterTheNews -->
        <test-method is-config="true" signature="driverQuit(org.testng.ITestResult)[pri:0, instance:testscript.ManageNewsTest@5e0e82ae]" started-at="2025-06-26T21:43:00 IST" name="driverQuit" finished-at="2025-06-26T21:43:01 IST" duration-ms="130" status="PASS">
          <params>
            <param index="0">
              <value>
                <![CDATA[[TestResult name=verifyTheUserIsAbleToEnterTheNews status=SUCCESS method=ManageNewsTest.verifyTheUserIsAbleToEnterTheNews()[pri:0, instance:testscript.ManageNewsTest@5e0e82ae] output={null}]]]>
              </value>
            </param>
          </params>
          <reporter-output>
          </reporter-output>
        </test-method> <!-- driverQuit -->
        <test-method is-config="true" signature="browserInitialisation(java.lang.String)[pri:0, instance:testscript.ManageNewsTest@5e0e82ae]" started-at="2025-06-26T21:43:01 IST" name="browserInitialisation" finished-at="2025-06-26T21:43:02 IST" duration-ms="1434" status="PASS">
          <params>
            <param index="0">
              <value>
                <![CDATA[chrome]]>
              </value>
            </param>
          </params>
          <reporter-output>
          </reporter-output>
        </test-method> <!-- browserInitialisation -->
        <test-method signature="verifyTheUserIsAbleToUpdateTheNews()[pri:0, instance:testscript.ManageNewsTest@5e0e82ae]" started-at="2025-06-26T21:43:02 IST" name="verifyTheUserIsAbleToUpdateTheNews" finished-at="2025-06-26T21:43:03 IST" duration-ms="1280" status="PASS">
          <reporter-output>
          </reporter-output>
        </test-method> <!-- verifyTheUserIsAbleToUpdateTheNews -->
        <test-method is-config="true" signature="driverQuit(org.testng.ITestResult)[pri:0, instance:testscript.ManageNewsTest@5e0e82ae]" started-at="2025-06-26T21:43:03 IST" name="driverQuit" finished-at="2025-06-26T21:43:03 IST" duration-ms="117" status="PASS">
          <params>
            <param index="0">
              <value>
                <![CDATA[[TestResult name=verifyTheUserIsAbleToUpdateTheNews status=SUCCESS method=ManageNewsTest.verifyTheUserIsAbleToUpdateTheNews()[pri:0, instance:testscript.ManageNewsTest@5e0e82ae] output={null}]]]>
              </value>
            </param>
          </params>
          <reporter-output>
          </reporter-output>
        </test-method> <!-- driverQuit -->
      </class> <!-- testscript.ManageNewsTest -->
      <class name="testscript.ManageFooterTest">
        <test-method is-config="true" signature="browserInitialisation(java.lang.String)[pri:0, instance:testscript.ManageFooterTest@51399530]" started-at="2025-06-26T21:43:03 IST" name="browserInitialisation" finished-at="2025-06-26T21:43:05 IST" duration-ms="1593" status="PASS">
          <params>
            <param index="0">
              <value>
                <![CDATA[chrome]]>
              </value>
            </param>
          </params>
          <reporter-output>
          </reporter-output>
        </test-method> <!-- browserInitialisation -->
        <test-method signature="verifyTheUserIsAbleToUpdateManageFooterTextInformation()[pri:0, instance:testscript.ManageFooterTest@51399530]" started-at="2025-06-26T21:43:05 IST" name="verifyTheUserIsAbleToUpdateManageFooterTextInformation" finished-at="2025-06-26T21:43:07 IST" duration-ms="1931" status="PASS">
          <reporter-output>
          </reporter-output>
        </test-method> <!-- verifyTheUserIsAbleToUpdateManageFooterTextInformation -->
        <test-method is-config="true" signature="driverQuit(org.testng.ITestResult)[pri:0, instance:testscript.ManageFooterTest@51399530]" started-at="2025-06-26T21:43:07 IST" name="driverQuit" finished-at="2025-06-26T21:43:07 IST" duration-ms="130" status="PASS">
          <params>
            <param index="0">
              <value>
                <![CDATA[[TestResult name=verifyTheUserIsAbleToUpdateManageFooterTextInformation status=SUCCESS method=ManageFooterTest.verifyTheUserIsAbleToUpdateManageFooterTextInformation()[pri:0, instance:testscript.ManageFooterTest@51399530] output={null}]]]>
              </value>
            </param>
          </params>
          <reporter-output>
          </reporter-output>
        </test-method> <!-- driverQuit -->
      </class> <!-- testscript.ManageFooterTest -->
      <class name="testscript.ManageContactTest">
        <test-method is-config="true" signature="browserInitialisation(java.lang.String)[pri:0, instance:testscript.ManageContactTest@30c15d8b]" started-at="2025-06-26T21:42:51 IST" name="browserInitialisation" finished-at="2025-06-26T21:42:53 IST" duration-ms="1547" status="PASS">
          <params>
            <param index="0">
              <value>
                <![CDATA[chrome]]>
              </value>
            </param>
          </params>
          <reporter-output>
          </reporter-output>
        </test-method> <!-- browserInitialisation -->
        <test-method signature="verifyTheUserIsAbleToDisplayContactUsInformations()[pri:0, instance:testscript.ManageContactTest@30c15d8b]" started-at="2025-06-26T21:42:53 IST" name="verifyTheUserIsAbleToDisplayContactUsInformations" finished-at="2025-06-26T21:42:55 IST" duration-ms="1836" status="PASS">
          <reporter-output>
          </reporter-output>
        </test-method> <!-- verifyTheUserIsAbleToDisplayContactUsInformations -->
        <test-method is-config="true" signature="driverQuit(org.testng.ITestResult)[pri:0, instance:testscript.ManageContactTest@30c15d8b]" started-at="2025-06-26T21:42:55 IST" name="driverQuit" finished-at="2025-06-26T21:42:55 IST" duration-ms="163" status="PASS">
          <params>
            <param index="0">
              <value>
                <![CDATA[[TestResult name=verifyTheUserIsAbleToDisplayContactUsInformations status=SUCCESS method=ManageContactTest.verifyTheUserIsAbleToDisplayContactUsInformations()[pri:0, instance:testscript.ManageContactTest@30c15d8b] output={null}]]]>
              </value>
            </param>
          </params>
          <reporter-output>
          </reporter-output>
        </test-method> <!-- driverQuit -->
        <test-method is-config="true" signature="browserInitialisation(java.lang.String)[pri:0, instance:testscript.ManageContactTest@30c15d8b]" started-at="2025-06-26T21:42:55 IST" name="browserInitialisation" finished-at="2025-06-26T21:42:56 IST" duration-ms="1498" status="PASS">
          <params>
            <param index="0">
              <value>
                <![CDATA[chrome]]>
              </value>
            </param>
          </params>
          <reporter-output>
          </reporter-output>
        </test-method> <!-- browserInitialisation -->
        <test-method signature="verifyTheUserIsAbleToUpdateContactUsInformations()[pri:0, instance:testscript.ManageContactTest@30c15d8b]" started-at="2025-06-26T21:42:56 IST" name="verifyTheUserIsAbleToUpdateContactUsInformations" finished-at="2025-06-26T21:42:58 IST" duration-ms="1324" status="PASS">
          <reporter-output>
          </reporter-output>
        </test-method> <!-- verifyTheUserIsAbleToUpdateContactUsInformations -->
        <test-method is-config="true" signature="driverQuit(org.testng.ITestResult)[pri:0, instance:testscript.ManageContactTest@30c15d8b]" started-at="2025-06-26T21:42:58 IST" name="driverQuit" finished-at="2025-06-26T21:42:58 IST" duration-ms="159" status="PASS">
          <params>
            <param index="0">
              <value>
                <![CDATA[[TestResult name=verifyTheUserIsAbleToUpdateContactUsInformations status=SUCCESS method=ManageContactTest.verifyTheUserIsAbleToUpdateContactUsInformations()[pri:0, instance:testscript.ManageContactTest@30c15d8b] output={null}]]]>
              </value>
            </param>
          </params>
          <reporter-output>
          </reporter-output>
        </test-method> <!-- driverQuit -->
      </class> <!-- testscript.ManageContactTest -->
      <class name="testscript.AdminUsersTest">
        <test-method is-config="true" signature="browserInitialisation(java.lang.String)[pri:0, instance:testscript.AdminUsersTest@618b19ad]" started-at="2025-06-26T21:42:43 IST" name="browserInitialisation" finished-at="2025-06-26T21:42:46 IST" duration-ms="2859" status="PASS">
          <params>
            <param index="0">
              <value>
                <![CDATA[chrome]]>
              </value>
            </param>
          </params>
          <reporter-output>
          </reporter-output>
        </test-method> <!-- browserInitialisation -->
        <test-method signature="verifyTheUserIsAbleToCreateTheAdminUsers()[pri:0, instance:testscript.AdminUsersTest@618b19ad]" started-at="2025-06-26T21:42:46 IST" name="verifyTheUserIsAbleToCreateTheAdminUsers" finished-at="2025-06-26T21:42:48 IST" duration-ms="1658" status="PASS">
          <reporter-output>
          </reporter-output>
        </test-method> <!-- verifyTheUserIsAbleToCreateTheAdminUsers -->
        <test-method is-config="true" signature="driverQuit(org.testng.ITestResult)[pri:0, instance:testscript.AdminUsersTest@618b19ad]" started-at="2025-06-26T21:42:48 IST" name="driverQuit" finished-at="2025-06-26T21:42:48 IST" duration-ms="128" status="PASS">
          <params>
            <param index="0">
              <value>
                <![CDATA[[TestResult name=verifyTheUserIsAbleToCreateTheAdminUsers status=SUCCESS method=AdminUsersTest.verifyTheUserIsAbleToCreateTheAdminUsers()[pri:0, instance:testscript.AdminUsersTest@618b19ad] output={null}]]]>
              </value>
            </param>
          </params>
          <reporter-output>
          </reporter-output>
        </test-method> <!-- driverQuit -->
        <test-method is-config="true" signature="browserInitialisation(java.lang.String)[pri:0, instance:testscript.AdminUsersTest@618b19ad]" started-at="2025-06-26T21:42:48 IST" name="browserInitialisation" finished-at="2025-06-26T21:42:50 IST" duration-ms="1635" status="PASS">
          <params>
            <param index="0">
              <value>
                <![CDATA[chrome]]>
              </value>
            </param>
          </params>
          <reporter-output>
          </reporter-output>
        </test-method> <!-- browserInitialisation -->
        <test-method signature="verifyTheUserIsAbleToUpdateTheAdminUsers()[pri:0, instance:testscript.AdminUsersTest@618b19ad]" started-at="2025-06-26T21:42:50 IST" name="verifyTheUserIsAbleToUpdateTheAdminUsers" finished-at="2025-06-26T21:42:51 IST" duration-ms="1267" status="PASS">
          <reporter-output>
          </reporter-output>
        </test-method> <!-- verifyTheUserIsAbleToUpdateTheAdminUsers -->
        <test-method is-config="true" signature="driverQuit(org.testng.ITestResult)[pri:0, instance:testscript.AdminUsersTest@618b19ad]" started-at="2025-06-26T21:42:51 IST" name="driverQuit" finished-at="2025-06-26T21:42:51 IST" duration-ms="125" status="PASS">
          <params>
            <param index="0">
              <value>
                <![CDATA[[TestResult name=verifyTheUserIsAbleToUpdateTheAdminUsers status=SUCCESS method=AdminUsersTest.verifyTheUserIsAbleToUpdateTheAdminUsers()[pri:0, instance:testscript.AdminUsersTest@618b19ad] output={null}]]]>
              </value>
            </param>
          </params>
          <reporter-output>
          </reporter-output>
        </test-method> <!-- driverQuit -->
      </class> <!-- testscript.AdminUsersTest -->
      <class name="testscript.LogoutTest">
        <test-method is-config="true" signature="browserInitialisation(java.lang.String)[pri:0, instance:testscript.LogoutTest@411f53a0]" started-at="2025-06-26T21:43:11 IST" name="browserInitialisation" finished-at="2025-06-26T21:43:12 IST" duration-ms="1414" status="PASS">
          <params>
            <param index="0">
              <value>
                <![CDATA[chrome]]>
              </value>
            </param>
          </params>
          <reporter-output>
          </reporter-output>
        </test-method> <!-- browserInitialisation -->
        <test-method signature="isUserIsAbleToLogOut()[pri:0, instance:testscript.LogoutTest@411f53a0]" started-at="2025-06-26T21:43:12 IST" name="isUserIsAbleToLogOut" finished-at="2025-06-26T21:43:13 IST" duration-ms="711" status="PASS">
          <reporter-output>
          </reporter-output>
        </test-method> <!-- isUserIsAbleToLogOut -->
        <test-method is-config="true" signature="driverQuit(org.testng.ITestResult)[pri:0, instance:testscript.LogoutTest@411f53a0]" started-at="2025-06-26T21:43:13 IST" name="driverQuit" finished-at="2025-06-26T21:43:13 IST" duration-ms="140" status="PASS">
          <params>
            <param index="0">
              <value>
                <![CDATA[[TestResult name=isUserIsAbleToLogOut status=SUCCESS method=LogoutTest.isUserIsAbleToLogOut()[pri:0, instance:testscript.LogoutTest@411f53a0] output={null}]]]>
              </value>
            </param>
          </params>
          <reporter-output>
          </reporter-output>
        </test-method> <!-- driverQuit -->
      </class> <!-- testscript.LogoutTest -->
      <class name="testscript.LoginTest">
        <test-method is-config="true" signature="browserInitialisation(java.lang.String)[pri:0, instance:testscript.LoginTest@34a3d150]" started-at="2025-06-26T21:42:33 IST" name="browserInitialisation" finished-at="2025-06-26T21:42:35 IST" duration-ms="1915" status="PASS">
          <params>
            <param index="0">
              <value>
                <![CDATA[chrome]]>
              </value>
            </param>
          </params>
          <reporter-output>
          </reporter-output>
        </test-method> <!-- browserInitialisation -->
        <test-method signature="verifyTheUserIsAbleToLoginUsingInalidUsername_validPassword()[pri:0, instance:testscript.LoginTest@34a3d150]" started-at="2025-06-26T21:42:35 IST" name="verifyTheUserIsAbleToLoginUsingInalidUsername_validPassword" finished-at="2025-06-26T21:42:36 IST" duration-ms="862" status="PASS">
          <reporter-output>
          </reporter-output>
        </test-method> <!-- verifyTheUserIsAbleToLoginUsingInalidUsername_validPassword -->
        <test-method is-config="true" signature="driverQuit(org.testng.ITestResult)[pri:0, instance:testscript.LoginTest@34a3d150]" started-at="2025-06-26T21:42:36 IST" name="driverQuit" finished-at="2025-06-26T21:42:36 IST" duration-ms="164" status="PASS">
          <params>
            <param index="0">
              <value>
                <![CDATA[[TestResult name=verifyTheUserIsAbleToLoginUsingInalidUsername_validPassword status=SUCCESS method=LoginTest.verifyTheUserIsAbleToLoginUsingInalidUsername_validPassword()[pri:0, instance:testscript.LoginTest@34a3d150] output={null}]]]>
              </value>
            </param>
          </params>
          <reporter-output>
          </reporter-output>
        </test-method> <!-- driverQuit -->
        <test-method is-config="true" signature="browserInitialisation(java.lang.String)[pri:0, instance:testscript.LoginTest@34a3d150]" started-at="2025-06-26T21:42:36 IST" name="browserInitialisation" finished-at="2025-06-26T21:42:38 IST" duration-ms="1607" status="PASS">
          <params>
            <param index="0">
              <value>
                <![CDATA[chrome]]>
              </value>
            </param>
          </params>
          <reporter-output>
          </reporter-output>
        </test-method> <!-- browserInitialisation -->
        <test-method signature="verifyTheUserIsAbleToLoginUsingInvalidUsername_InvalidPassword()[pri:0, instance:testscript.LoginTest@34a3d150]" started-at="2025-06-26T21:42:38 IST" name="verifyTheUserIsAbleToLoginUsingInvalidUsername_InvalidPassword" finished-at="2025-06-26T21:42:38 IST" duration-ms="411" status="PASS">
          <reporter-output>
          </reporter-output>
        </test-method> <!-- verifyTheUserIsAbleToLoginUsingInvalidUsername_InvalidPassword -->
        <test-method is-config="true" signature="driverQuit(org.testng.ITestResult)[pri:0, instance:testscript.LoginTest@34a3d150]" started-at="2025-06-26T21:42:38 IST" name="driverQuit" finished-at="2025-06-26T21:42:38 IST" duration-ms="146" status="PASS">
          <params>
            <param index="0">
              <value>
                <![CDATA[[TestResult name=verifyTheUserIsAbleToLoginUsingInvalidUsername_InvalidPassword status=SUCCESS method=LoginTest.verifyTheUserIsAbleToLoginUsingInvalidUsername_InvalidPassword()[pri:0, instance:testscript.LoginTest@34a3d150] output={null}]]]>
              </value>
            </param>
          </params>
          <reporter-output>
          </reporter-output>
        </test-method> <!-- driverQuit -->
        <test-method is-config="true" signature="browserInitialisation(java.lang.String)[pri:0, instance:testscript.LoginTest@34a3d150]" started-at="2025-06-26T21:42:38 IST" name="browserInitialisation" finished-at="2025-06-26T21:42:40 IST" duration-ms="1547" status="PASS">
          <params>
            <param index="0">
              <value>
                <![CDATA[chrome]]>
              </value>
            </param>
          </params>
          <reporter-output>
          </reporter-output>
        </test-method> <!-- browserInitialisation -->
        <test-method signature="verifyTheUserIsAbleToLoginUsingValidCredentials()[pri:0, instance:testscript.LoginTest@34a3d150]" started-at="2025-06-26T21:42:40 IST" name="verifyTheUserIsAbleToLoginUsingValidCredentials" finished-at="2025-06-26T21:42:40 IST" duration-ms="547" status="PASS">
          <reporter-output>
          </reporter-output>
        </test-method> <!-- verifyTheUserIsAbleToLoginUsingValidCredentials -->
        <test-method is-config="true" signature="driverQuit(org.testng.ITestResult)[pri:0, instance:testscript.LoginTest@34a3d150]" started-at="2025-06-26T21:42:40 IST" name="driverQuit" finished-at="2025-06-26T21:42:40 IST" duration-ms="178" status="PASS">
          <params>
            <param index="0">
              <value>
                <![CDATA[[TestResult name=verifyTheUserIsAbleToLoginUsingValidCredentials status=SUCCESS method=LoginTest.verifyTheUserIsAbleToLoginUsingValidCredentials()[pri:0, instance:testscript.LoginTest@34a3d150] output={null}]]]>
              </value>
            </param>
          </params>
          <reporter-output>
          </reporter-output>
        </test-method> <!-- driverQuit -->
        <test-method is-config="true" signature="browserInitialisation(java.lang.String)[pri:0, instance:testscript.LoginTest@34a3d150]" started-at="2025-06-26T21:42:40 IST" name="browserInitialisation" finished-at="2025-06-26T21:42:43 IST" duration-ms="2449" status="PASS">
          <params>
            <param index="0">
              <value>
                <![CDATA[chrome]]>
              </value>
            </param>
          </params>
          <reporter-output>
          </reporter-output>
        </test-method> <!-- browserInitialisation -->
        <test-method signature="verifyTheUserIsAbleToLoginUsingValidUsername_InvalidPassword()[pri:0, instance:testscript.LoginTest@34a3d150]" started-at="2025-06-26T21:42:43 IST" name="verifyTheUserIsAbleToLoginUsingValidUsername_InvalidPassword" finished-at="2025-06-26T21:42:43 IST" duration-ms="408" status="PASS">
          <reporter-output>
          </reporter-output>
        </test-method> <!-- verifyTheUserIsAbleToLoginUsingValidUsername_InvalidPassword -->
        <test-method is-config="true" signature="driverQuit(org.testng.ITestResult)[pri:0, instance:testscript.LoginTest@34a3d150]" started-at="2025-06-26T21:42:43 IST" name="driverQuit" finished-at="2025-06-26T21:42:43 IST" duration-ms="147" status="PASS">
          <params>
            <param index="0">
              <value>
                <![CDATA[[TestResult name=verifyTheUserIsAbleToLoginUsingValidUsername_InvalidPassword status=SUCCESS method=LoginTest.verifyTheUserIsAbleToLoginUsingValidUsername_InvalidPassword()[pri:0, instance:testscript.LoginTest@34a3d150] output={null}]]]>
              </value>
            </param>
          </params>
          <reporter-output>
          </reporter-output>
        </test-method> <!-- driverQuit -->
      </class> <!-- testscript.LoginTest -->
      <class name="testscript.ManageCategoryTest">
        <test-method is-config="true" signature="browserInitialisation(java.lang.String)[pri:0, instance:testscript.ManageCategoryTest@6b2ea799]" started-at="2025-06-26T21:43:07 IST" name="browserInitialisation" finished-at="2025-06-26T21:43:09 IST" duration-ms="1548" status="PASS">
          <params>
            <param index="0">
              <value>
                <![CDATA[chrome]]>
              </value>
            </param>
          </params>
          <reporter-output>
          </reporter-output>
        </test-method> <!-- browserInitialisation -->
        <test-method signature="verifyTheUserIsAbleToAddCategoryInformations()[pri:0, instance:testscript.ManageCategoryTest@6b2ea799]" started-at="2025-06-26T21:43:09 IST" name="verifyTheUserIsAbleToAddCategoryInformations" finished-at="2025-06-26T21:43:10 IST" duration-ms="1909" status="PASS">
          <reporter-output>
          </reporter-output>
        </test-method> <!-- verifyTheUserIsAbleToAddCategoryInformations -->
        <test-method is-config="true" signature="driverQuit(org.testng.ITestResult)[pri:0, instance:testscript.ManageCategoryTest@6b2ea799]" started-at="2025-06-26T21:43:10 IST" name="driverQuit" finished-at="2025-06-26T21:43:11 IST" duration-ms="150" status="PASS">
          <params>
            <param index="0">
              <value>
                <![CDATA[[TestResult name=verifyTheUserIsAbleToAddCategoryInformations status=SUCCESS method=ManageCategoryTest.verifyTheUserIsAbleToAddCategoryInformations()[pri:0, instance:testscript.ManageCategoryTest@6b2ea799] output={null}]]]>
              </value>
            </param>
          </params>
          <reporter-output>
          </reporter-output>
        </test-method> <!-- driverQuit -->
      </class> <!-- testscript.ManageCategoryTest -->
    </test> <!-- Test -->
  </suite> <!-- TestNG -->
</testng-results>
