<?xml version="1.0" encoding="UTF-8"?>
<testng-results ignored="0" total="1" passed="1" failed="0" skipped="0">
  <reporter-output>
  </reporter-output>
  <suite started-at="2025-07-03T20:28:33 IST" name="TestNG" finished-at="2025-07-03T20:28:36 IST" duration-ms="3628">
    <groups>
    </groups>
    <test started-at="2025-07-03T20:28:33 IST" name="Test" finished-at="2025-07-03T20:28:36 IST" duration-ms="3628">
      <class name="testscript.HomePageTest">
        <test-method is-config="true" signature="browserInitialisation(java.lang.String)[pri:0, instance:testscript.HomePageTest@55183b20]" started-at="2025-07-03T20:28:33 IST" name="browserInitialisation" finished-at="2025-07-03T20:28:35 IST" duration-ms="1992" status="PASS">
          <params>
            <param index="0">
              <value>
                <![CDATA[chrome]]>
              </value>
            </param>
          </params>
          <reporter-output>
          </reporter-output>
        </test-method> <!-- browserInitialisation -->
        <test-method signature="isUserIsAbleToLogOut()[pri:0, instance:testscript.HomePageTest@55183b20]" started-at="2025-07-03T20:28:35 IST" name="isUserIsAbleToLogOut" description="Verify that the user can log out successfully and is redirected to the login page with the session terminated" finished-at="2025-07-03T20:28:36 IST" duration-ms="1417" status="PASS">
          <reporter-output>
          </reporter-output>
        </test-method> <!-- isUserIsAbleToLogOut -->
        <test-method is-config="true" signature="driverQuit(org.testng.ITestResult)[pri:0, instance:testscript.HomePageTest@55183b20]" started-at="2025-07-03T20:28:36 IST" name="driverQuit" finished-at="2025-07-03T20:28:36 IST" duration-ms="175" status="PASS">
          <params>
            <param index="0">
              <value>
                <![CDATA[[TestResult name=isUserIsAbleToLogOut status=SUCCESS method=HomePageTest.isUserIsAbleToLogOut()[pri:0, instance:testscript.HomePageTest@55183b20] output={null}]]]>
              </value>
            </param>
          </params>
          <reporter-output>
          </reporter-output>
        </test-method> <!-- driverQuit -->
      </class> <!-- testscript.HomePageTest -->
    </test> <!-- Test -->
  </suite> <!-- TestNG -->
</testng-results>
