<?xml version="1.0" encoding="UTF-8"?>
<testng-results ignored="0" total="13" passed="13" failed="0" skipped="0">
  <reporter-output>
  </reporter-output>
  <suite started-at="2025-06-26T22:52:21 IST" name="TestNG" finished-at="2025-06-26T22:53:35 IST" duration-ms="74001">
    <groups>
      <group name="Regression">
        <method signature="LoginTest.verifyTheUserIsAbleToLoginUsingValidCredentials()[pri:0, instance:testscript.LoginTest@34a3d150]" name="verifyTheUserIsAbleToLoginUsingValidCredentials" class="testscript.LoginTest"/>
      </group> <!-- Regression -->
    </groups>
    <test started-at="2025-06-26T22:52:21 IST" name="Test" finished-at="2025-06-26T22:53:35 IST" duration-ms="74001">
      <class name="testscript.ManageNewsTest">
        <test-method is-config="true" signature="browserInitialisation(java.lang.String)[pri:0, instance:testscript.ManageNewsTest@5e0e82ae]" started-at="2025-06-26T22:53:13 IST" name="browserInitialisation" finished-at="2025-06-26T22:53:15 IST" duration-ms="1561" status="PASS">
          <params>
            <param index="0">
              <value>
                <![CDATA[chrome]]>
              </value>
            </param>
          </params>
          <reporter-output>
          </reporter-output>
        </test-method> <!-- browserInitialisation -->
        <test-method signature="verifyTheUserIsAbleToEnterTheNews()[pri:0, instance:testscript.ManageNewsTest@5e0e82ae]" started-at="2025-06-26T22:53:15 IST" name="verifyTheUserIsAbleToEnterTheNews" finished-at="2025-06-26T22:53:17 IST" duration-ms="1762" status="PASS">
          <reporter-output>
          </reporter-output>
        </test-method> <!-- verifyTheUserIsAbleToEnterTheNews -->
        <test-method is-config="true" signature="driverQuit(org.testng.ITestResult)[pri:0, instance:testscript.ManageNewsTest@5e0e82ae]" started-at="2025-06-26T22:53:17 IST" name="driverQuit" finished-at="2025-06-26T22:53:17 IST" duration-ms="210" status="PASS">
          <params>
            <param index="0">
              <value>
                <![CDATA[[TestResult name=verifyTheUserIsAbleToEnterTheNews status=SUCCESS method=ManageNewsTest.verifyTheUserIsAbleToEnterTheNews()[pri:0, instance:testscript.ManageNewsTest@5e0e82ae] output={null}]]]>
              </value>
            </param>
          </params>
          <reporter-output>
          </reporter-output>
        </test-method> <!-- driverQuit -->
        <test-method is-config="true" signature="browserInitialisation(java.lang.String)[pri:0, instance:testscript.ManageNewsTest@5e0e82ae]" started-at="2025-06-26T22:53:17 IST" name="browserInitialisation" finished-at="2025-06-26T22:53:19 IST" duration-ms="1883" status="PASS">
          <params>
            <param index="0">
              <value>
                <![CDATA[chrome]]>
              </value>
            </param>
          </params>
          <reporter-output>
          </reporter-output>
        </test-method> <!-- browserInitialisation -->
        <test-method signature="verifyTheUserIsAbleToUpdateTheNews()[pri:0, instance:testscript.ManageNewsTest@5e0e82ae]" started-at="2025-06-26T22:53:19 IST" name="verifyTheUserIsAbleToUpdateTheNews" finished-at="2025-06-26T22:53:20 IST" duration-ms="1350" status="PASS">
          <reporter-output>
          </reporter-output>
        </test-method> <!-- verifyTheUserIsAbleToUpdateTheNews -->
        <test-method is-config="true" signature="driverQuit(org.testng.ITestResult)[pri:0, instance:testscript.ManageNewsTest@5e0e82ae]" started-at="2025-06-26T22:53:20 IST" name="driverQuit" finished-at="2025-06-26T22:53:20 IST" duration-ms="199" status="PASS">
          <params>
            <param index="0">
              <value>
                <![CDATA[[TestResult name=verifyTheUserIsAbleToUpdateTheNews status=SUCCESS method=ManageNewsTest.verifyTheUserIsAbleToUpdateTheNews()[pri:0, instance:testscript.ManageNewsTest@5e0e82ae] output={null}]]]>
              </value>
            </param>
          </params>
          <reporter-output>
          </reporter-output>
        </test-method> <!-- driverQuit -->
      </class> <!-- testscript.ManageNewsTest -->
      <class name="testscript.ManageFooterTest">
        <test-method is-config="true" signature="browserInitialisation(java.lang.String)[pri:0, instance:testscript.ManageFooterTest@51399530]" started-at="2025-06-26T22:53:20 IST" name="browserInitialisation" finished-at="2025-06-26T22:53:24 IST" duration-ms="3149" status="PASS">
          <params>
            <param index="0">
              <value>
                <![CDATA[chrome]]>
              </value>
            </param>
          </params>
          <reporter-output>
          </reporter-output>
        </test-method> <!-- browserInitialisation -->
        <test-method signature="verifyTheUserIsAbleToUpdateManageFooterTextInformation()[pri:0, instance:testscript.ManageFooterTest@51399530]" started-at="2025-06-26T22:53:24 IST" name="verifyTheUserIsAbleToUpdateManageFooterTextInformation" finished-at="2025-06-26T22:53:26 IST" duration-ms="2090" status="PASS">
          <reporter-output>
          </reporter-output>
        </test-method> <!-- verifyTheUserIsAbleToUpdateManageFooterTextInformation -->
        <test-method is-config="true" signature="driverQuit(org.testng.ITestResult)[pri:0, instance:testscript.ManageFooterTest@51399530]" started-at="2025-06-26T22:53:26 IST" name="driverQuit" finished-at="2025-06-26T22:53:26 IST" duration-ms="213" status="PASS">
          <params>
            <param index="0">
              <value>
                <![CDATA[[TestResult name=verifyTheUserIsAbleToUpdateManageFooterTextInformation status=SUCCESS method=ManageFooterTest.verifyTheUserIsAbleToUpdateManageFooterTextInformation()[pri:0, instance:testscript.ManageFooterTest@51399530] output={null}]]]>
              </value>
            </param>
          </params>
          <reporter-output>
          </reporter-output>
        </test-method> <!-- driverQuit -->
      </class> <!-- testscript.ManageFooterTest -->
      <class name="testscript.ManageContactTest">
        <test-method is-config="true" signature="browserInitialisation(java.lang.String)[pri:0, instance:testscript.ManageContactTest@30c15d8b]" started-at="2025-06-26T22:53:02 IST" name="browserInitialisation" finished-at="2025-06-26T22:53:04 IST" duration-ms="2047" status="PASS">
          <params>
            <param index="0">
              <value>
                <![CDATA[chrome]]>
              </value>
            </param>
          </params>
          <reporter-output>
          </reporter-output>
        </test-method> <!-- browserInitialisation -->
        <test-method signature="verifyTheUserIsAbleToDisplayContactUsInformations()[pri:0, instance:testscript.ManageContactTest@30c15d8b]" started-at="2025-06-26T22:53:04 IST" name="verifyTheUserIsAbleToDisplayContactUsInformations" finished-at="2025-06-26T22:53:07 IST" duration-ms="2762" status="PASS">
          <reporter-output>
          </reporter-output>
        </test-method> <!-- verifyTheUserIsAbleToDisplayContactUsInformations -->
        <test-method is-config="true" signature="driverQuit(org.testng.ITestResult)[pri:0, instance:testscript.ManageContactTest@30c15d8b]" started-at="2025-06-26T22:53:07 IST" name="driverQuit" finished-at="2025-06-26T22:53:07 IST" duration-ms="230" status="PASS">
          <params>
            <param index="0">
              <value>
                <![CDATA[[TestResult name=verifyTheUserIsAbleToDisplayContactUsInformations status=SUCCESS method=ManageContactTest.verifyTheUserIsAbleToDisplayContactUsInformations()[pri:0, instance:testscript.ManageContactTest@30c15d8b] output={null}]]]>
              </value>
            </param>
          </params>
          <reporter-output>
          </reporter-output>
        </test-method> <!-- driverQuit -->
        <test-method is-config="true" signature="browserInitialisation(java.lang.String)[pri:0, instance:testscript.ManageContactTest@30c15d8b]" started-at="2025-06-26T22:53:07 IST" name="browserInitialisation" finished-at="2025-06-26T22:53:11 IST" duration-ms="4137" status="PASS">
          <params>
            <param index="0">
              <value>
                <![CDATA[chrome]]>
              </value>
            </param>
          </params>
          <reporter-output>
          </reporter-output>
        </test-method> <!-- browserInitialisation -->
        <test-method signature="verifyTheUserIsAbleToUpdateContactUsInformations()[pri:0, instance:testscript.ManageContactTest@30c15d8b]" started-at="2025-06-26T22:53:11 IST" name="verifyTheUserIsAbleToUpdateContactUsInformations" finished-at="2025-06-26T22:53:13 IST" duration-ms="2012" status="PASS">
          <reporter-output>
          </reporter-output>
        </test-method> <!-- verifyTheUserIsAbleToUpdateContactUsInformations -->
        <test-method is-config="true" signature="driverQuit(org.testng.ITestResult)[pri:0, instance:testscript.ManageContactTest@30c15d8b]" started-at="2025-06-26T22:53:13 IST" name="driverQuit" finished-at="2025-06-26T22:53:13 IST" duration-ms="207" status="PASS">
          <params>
            <param index="0">
              <value>
                <![CDATA[[TestResult name=verifyTheUserIsAbleToUpdateContactUsInformations status=SUCCESS method=ManageContactTest.verifyTheUserIsAbleToUpdateContactUsInformations()[pri:0, instance:testscript.ManageContactTest@30c15d8b] output={null}]]]>
              </value>
            </param>
          </params>
          <reporter-output>
          </reporter-output>
        </test-method> <!-- driverQuit -->
      </class> <!-- testscript.ManageContactTest -->
      <class name="testscript.AdminUsersTest">
        <test-method is-config="true" signature="browserInitialisation(java.lang.String)[pri:0, instance:testscript.AdminUsersTest@618b19ad]" started-at="2025-06-26T22:52:53 IST" name="browserInitialisation" finished-at="2025-06-26T22:52:55 IST" duration-ms="1938" status="PASS">
          <params>
            <param index="0">
              <value>
                <![CDATA[chrome]]>
              </value>
            </param>
          </params>
          <reporter-output>
          </reporter-output>
        </test-method> <!-- browserInitialisation -->
        <test-method signature="verifyTheUserIsAbleToCreateTheAdminUsers()[pri:0, instance:testscript.AdminUsersTest@618b19ad]" started-at="2025-06-26T22:52:55 IST" name="verifyTheUserIsAbleToCreateTheAdminUsers" finished-at="2025-06-26T22:52:57 IST" duration-ms="1994" status="PASS">
          <reporter-output>
          </reporter-output>
        </test-method> <!-- verifyTheUserIsAbleToCreateTheAdminUsers -->
        <test-method is-config="true" signature="driverQuit(org.testng.ITestResult)[pri:0, instance:testscript.AdminUsersTest@618b19ad]" started-at="2025-06-26T22:52:57 IST" name="driverQuit" finished-at="2025-06-26T22:52:57 IST" duration-ms="182" status="PASS">
          <params>
            <param index="0">
              <value>
                <![CDATA[[TestResult name=verifyTheUserIsAbleToCreateTheAdminUsers status=SUCCESS method=AdminUsersTest.verifyTheUserIsAbleToCreateTheAdminUsers()[pri:0, instance:testscript.AdminUsersTest@618b19ad] output={null}]]]>
              </value>
            </param>
          </params>
          <reporter-output>
          </reporter-output>
        </test-method> <!-- driverQuit -->
        <test-method is-config="true" signature="browserInitialisation(java.lang.String)[pri:0, instance:testscript.AdminUsersTest@618b19ad]" started-at="2025-06-26T22:52:57 IST" name="browserInitialisation" finished-at="2025-06-26T22:53:00 IST" duration-ms="2699" status="PASS">
          <params>
            <param index="0">
              <value>
                <![CDATA[chrome]]>
              </value>
            </param>
          </params>
          <reporter-output>
          </reporter-output>
        </test-method> <!-- browserInitialisation -->
        <test-method signature="verifyTheUserIsAbleToUpdateTheAdminUsers()[pri:0, instance:testscript.AdminUsersTest@618b19ad]" started-at="2025-06-26T22:53:00 IST" name="verifyTheUserIsAbleToUpdateTheAdminUsers" finished-at="2025-06-26T22:53:02 IST" duration-ms="1848" status="PASS">
          <reporter-output>
          </reporter-output>
        </test-method> <!-- verifyTheUserIsAbleToUpdateTheAdminUsers -->
        <test-method is-config="true" signature="driverQuit(org.testng.ITestResult)[pri:0, instance:testscript.AdminUsersTest@618b19ad]" started-at="2025-06-26T22:53:02 IST" name="driverQuit" finished-at="2025-06-26T22:53:02 IST" duration-ms="198" status="PASS">
          <params>
            <param index="0">
              <value>
                <![CDATA[[TestResult name=verifyTheUserIsAbleToUpdateTheAdminUsers status=SUCCESS method=AdminUsersTest.verifyTheUserIsAbleToUpdateTheAdminUsers()[pri:0, instance:testscript.AdminUsersTest@618b19ad] output={null}]]]>
              </value>
            </param>
          </params>
          <reporter-output>
          </reporter-output>
        </test-method> <!-- driverQuit -->
      </class> <!-- testscript.AdminUsersTest -->
      <class name="testscript.LogoutTest">
        <test-method is-config="true" signature="browserInitialisation(java.lang.String)[pri:0, instance:testscript.LogoutTest@411f53a0]" started-at="2025-06-26T22:53:32 IST" name="browserInitialisation" finished-at="2025-06-26T22:53:33 IST" duration-ms="1691" status="PASS">
          <params>
            <param index="0">
              <value>
                <![CDATA[chrome]]>
              </value>
            </param>
          </params>
          <reporter-output>
          </reporter-output>
        </test-method> <!-- browserInitialisation -->
        <test-method signature="isUserIsAbleToLogOut()[pri:0, instance:testscript.LogoutTest@411f53a0]" started-at="2025-06-26T22:53:33 IST" name="isUserIsAbleToLogOut" finished-at="2025-06-26T22:53:35 IST" duration-ms="1490" status="PASS">
          <reporter-output>
          </reporter-output>
        </test-method> <!-- isUserIsAbleToLogOut -->
        <test-method is-config="true" signature="driverQuit(org.testng.ITestResult)[pri:0, instance:testscript.LogoutTest@411f53a0]" started-at="2025-06-26T22:53:35 IST" name="driverQuit" finished-at="2025-06-26T22:53:35 IST" duration-ms="200" status="PASS">
          <params>
            <param index="0">
              <value>
                <![CDATA[[TestResult name=isUserIsAbleToLogOut status=SUCCESS method=LogoutTest.isUserIsAbleToLogOut()[pri:0, instance:testscript.LogoutTest@411f53a0] output={null}]]]>
              </value>
            </param>
          </params>
          <reporter-output>
          </reporter-output>
        </test-method> <!-- driverQuit -->
      </class> <!-- testscript.LogoutTest -->
      <class name="testscript.LoginTest">
        <test-method is-config="true" signature="browserInitialisation(java.lang.String)[pri:0, instance:testscript.LoginTest@34a3d150]" started-at="2025-06-26T22:52:21 IST" name="browserInitialisation" finished-at="2025-06-26T22:52:43 IST" duration-ms="21885" status="PASS">
          <params>
            <param index="0">
              <value>
                <![CDATA[chrome]]>
              </value>
            </param>
          </params>
          <reporter-output>
          </reporter-output>
        </test-method> <!-- browserInitialisation -->
        <test-method signature="verifyTheUserIsAbleToLoginUsingInalidUsername_validPassword()[pri:0, instance:testscript.LoginTest@34a3d150]" started-at="2025-06-26T22:52:43 IST" name="verifyTheUserIsAbleToLoginUsingInalidUsername_validPassword" finished-at="2025-06-26T22:52:45 IST" duration-ms="1786" status="PASS">
          <reporter-output>
          </reporter-output>
        </test-method> <!-- verifyTheUserIsAbleToLoginUsingInalidUsername_validPassword -->
        <test-method is-config="true" signature="driverQuit(org.testng.ITestResult)[pri:0, instance:testscript.LoginTest@34a3d150]" started-at="2025-06-26T22:52:45 IST" name="driverQuit" finished-at="2025-06-26T22:52:45 IST" duration-ms="249" status="PASS">
          <params>
            <param index="0">
              <value>
                <![CDATA[[TestResult name=verifyTheUserIsAbleToLoginUsingInalidUsername_validPassword status=SUCCESS method=LoginTest.verifyTheUserIsAbleToLoginUsingInalidUsername_validPassword()[pri:0, instance:testscript.LoginTest@34a3d150] output={null}]]]>
              </value>
            </param>
          </params>
          <reporter-output>
          </reporter-output>
        </test-method> <!-- driverQuit -->
        <test-method is-config="true" signature="browserInitialisation(java.lang.String)[pri:0, instance:testscript.LoginTest@34a3d150]" started-at="2025-06-26T22:52:45 IST" name="browserInitialisation" finished-at="2025-06-26T22:52:47 IST" duration-ms="1869" status="PASS">
          <params>
            <param index="0">
              <value>
                <![CDATA[chrome]]>
              </value>
            </param>
          </params>
          <reporter-output>
          </reporter-output>
        </test-method> <!-- browserInitialisation -->
        <test-method signature="verifyTheUserIsAbleToLoginUsingInvalidUsername_InvalidPassword()[pri:0, instance:testscript.LoginTest@34a3d150]" started-at="2025-06-26T22:52:47 IST" name="verifyTheUserIsAbleToLoginUsingInvalidUsername_InvalidPassword" finished-at="2025-06-26T22:52:47 IST" duration-ms="532" status="PASS">
          <reporter-output>
          </reporter-output>
        </test-method> <!-- verifyTheUserIsAbleToLoginUsingInvalidUsername_InvalidPassword -->
        <test-method is-config="true" signature="driverQuit(org.testng.ITestResult)[pri:0, instance:testscript.LoginTest@34a3d150]" started-at="2025-06-26T22:52:47 IST" name="driverQuit" finished-at="2025-06-26T22:52:48 IST" duration-ms="196" status="PASS">
          <params>
            <param index="0">
              <value>
                <![CDATA[[TestResult name=verifyTheUserIsAbleToLoginUsingInvalidUsername_InvalidPassword status=SUCCESS method=LoginTest.verifyTheUserIsAbleToLoginUsingInvalidUsername_InvalidPassword()[pri:0, instance:testscript.LoginTest@34a3d150] output={null}]]]>
              </value>
            </param>
          </params>
          <reporter-output>
          </reporter-output>
        </test-method> <!-- driverQuit -->
        <test-method is-config="true" signature="browserInitialisation(java.lang.String)[pri:0, instance:testscript.LoginTest@34a3d150]" started-at="2025-06-26T22:52:48 IST" name="browserInitialisation" finished-at="2025-06-26T22:52:49 IST" duration-ms="1787" status="PASS">
          <params>
            <param index="0">
              <value>
                <![CDATA[chrome]]>
              </value>
            </param>
          </params>
          <reporter-output>
          </reporter-output>
        </test-method> <!-- browserInitialisation -->
        <test-method signature="verifyTheUserIsAbleToLoginUsingValidCredentials()[pri:0, instance:testscript.LoginTest@34a3d150]" started-at="2025-06-26T22:52:49 IST" name="verifyTheUserIsAbleToLoginUsingValidCredentials" finished-at="2025-06-26T22:52:50 IST" duration-ms="815" status="PASS">
          <reporter-output>
          </reporter-output>
        </test-method> <!-- verifyTheUserIsAbleToLoginUsingValidCredentials -->
        <test-method is-config="true" signature="driverQuit(org.testng.ITestResult)[pri:0, instance:testscript.LoginTest@34a3d150]" started-at="2025-06-26T22:52:50 IST" name="driverQuit" finished-at="2025-06-26T22:52:50 IST" duration-ms="194" status="PASS">
          <params>
            <param index="0">
              <value>
                <![CDATA[[TestResult name=verifyTheUserIsAbleToLoginUsingValidCredentials status=SUCCESS method=LoginTest.verifyTheUserIsAbleToLoginUsingValidCredentials()[pri:0, instance:testscript.LoginTest@34a3d150] output={null}]]]>
              </value>
            </param>
          </params>
          <reporter-output>
          </reporter-output>
        </test-method> <!-- driverQuit -->
        <test-method is-config="true" signature="browserInitialisation(java.lang.String)[pri:0, instance:testscript.LoginTest@34a3d150]" started-at="2025-06-26T22:52:50 IST" name="browserInitialisation" finished-at="2025-06-26T22:52:52 IST" duration-ms="2043" status="PASS">
          <params>
            <param index="0">
              <value>
                <![CDATA[chrome]]>
              </value>
            </param>
          </params>
          <reporter-output>
          </reporter-output>
        </test-method> <!-- browserInitialisation -->
        <test-method signature="verifyTheUserIsAbleToLoginUsingValidUsername_InvalidPassword()[pri:0, instance:testscript.LoginTest@34a3d150]" started-at="2025-06-26T22:52:52 IST" name="verifyTheUserIsAbleToLoginUsingValidUsername_InvalidPassword" finished-at="2025-06-26T22:52:53 IST" duration-ms="595" status="PASS">
          <reporter-output>
          </reporter-output>
        </test-method> <!-- verifyTheUserIsAbleToLoginUsingValidUsername_InvalidPassword -->
        <test-method is-config="true" signature="driverQuit(org.testng.ITestResult)[pri:0, instance:testscript.LoginTest@34a3d150]" started-at="2025-06-26T22:52:53 IST" name="driverQuit" finished-at="2025-06-26T22:52:53 IST" duration-ms="193" status="PASS">
          <params>
            <param index="0">
              <value>
                <![CDATA[[TestResult name=verifyTheUserIsAbleToLoginUsingValidUsername_InvalidPassword status=SUCCESS method=LoginTest.verifyTheUserIsAbleToLoginUsingValidUsername_InvalidPassword()[pri:0, instance:testscript.LoginTest@34a3d150] output={null}]]]>
              </value>
            </param>
          </params>
          <reporter-output>
          </reporter-output>
        </test-method> <!-- driverQuit -->
      </class> <!-- testscript.LoginTest -->
      <class name="testscript.ManageCategoryTest">
        <test-method is-config="true" signature="browserInitialisation(java.lang.String)[pri:0, instance:testscript.ManageCategoryTest@6b2ea799]" started-at="2025-06-26T22:53:26 IST" name="browserInitialisation" finished-at="2025-06-26T22:53:28 IST" duration-ms="2130" status="PASS">
          <params>
            <param index="0">
              <value>
                <![CDATA[chrome]]>
              </value>
            </param>
          </params>
          <reporter-output>
          </reporter-output>
        </test-method> <!-- browserInitialisation -->
        <test-method signature="verifyTheUserIsAbleToAddCategoryInformations()[pri:0, instance:testscript.ManageCategoryTest@6b2ea799]" started-at="2025-06-26T22:53:28 IST" name="verifyTheUserIsAbleToAddCategoryInformations" finished-at="2025-06-26T22:53:31 IST" duration-ms="3312" status="PASS">
          <reporter-output>
          </reporter-output>
        </test-method> <!-- verifyTheUserIsAbleToAddCategoryInformations -->
        <test-method is-config="true" signature="driverQuit(org.testng.ITestResult)[pri:0, instance:testscript.ManageCategoryTest@6b2ea799]" started-at="2025-06-26T22:53:31 IST" name="driverQuit" finished-at="2025-06-26T22:53:32 IST" duration-ms="250" status="PASS">
          <params>
            <param index="0">
              <value>
                <![CDATA[[TestResult name=verifyTheUserIsAbleToAddCategoryInformations status=SUCCESS method=ManageCategoryTest.verifyTheUserIsAbleToAddCategoryInformations()[pri:0, instance:testscript.ManageCategoryTest@6b2ea799] output={null}]]]>
              </value>
            </param>
          </params>
          <reporter-output>
          </reporter-output>
        </test-method> <!-- driverQuit -->
      </class> <!-- testscript.ManageCategoryTest -->
    </test> <!-- Test -->
  </suite> <!-- TestNG -->
</testng-results>
